<?xml version="1.0" encoding="UTF-8"?>
<!-- Generated by org.testng.reporters.JUnitXMLReporter -->
<testsuite ignored="3" hostname="Sanchitas-Air.home" failures="0" tests="5" name="car loan" time="0.047" errors="0" timestamp="2021-11-05T22:12:59 EDT">
  <testcase classname="testing.org.Day3" name="ApiCarLoan" time="0.006"/>
  <testcase classname="testing.org.Day3" name="obilelogin" time="0.001"/>
  <testcase classname="testing.org.Day3" name="obilelogin" time="0.004"/>
  <testcase classname="testing.org.Day3" name="obilelogin" time="0.0"/>
  <testcase classname="testing.org.Day3" name="webloginCarLoan" time="0.005"/>
  <testcase classname="testing.org.Day3" name="mobileloginSignoutLoan" time="0.0">
    <ignored/>
  </testcase> <!-- mobileloginSignoutLoan -->
  <testcase classname="testing.org.Day3" name="mobileloginsignLoan" time="0.0">
    <ignored/>
  </testcase> <!-- mobileloginsignLoan -->
  <testcase classname="testing.org.Day3" name="mobileloginPinCarLoan" time="0.0">
    <ignored/>
  </testcase> <!-- mobileloginPinCarLoan -->
</testsuite> <!-- car loan -->
