<?xml version="1.0" encoding="UTF-8"?>
<!-- Generated by org.testng.reporters.JUnitXMLReporter -->
<testsuite ignored="1" hostname="Sanchitas-Air.home" failures="1" tests="5" name="personal loan" time="0.065" errors="0" timestamp="2021-11-05T22:12:59 EDT">
  <testcase classname="testing.org.Day1" name="Demo" time="0.0">
    <failure type="org.testng.TestNGException" message="
Parameter &amp;apos;url&amp;apos; is required by @Test on method Demo but has not been marked @Optional or defined
in /Users/sanchitapodder/eclipse-workspace/Testng/rahul.xml">
      <![CDATA[org.testng.TestNGException: 
Parameter 'url' is required by @Test on method Demo but has not been marked @Optional or defined
in /Users/sanchitapodder/eclipse-workspace/Testng/rahul.xml
at java.base/java.util.ArrayList.forEach(ArrayList.java:1511)
... Removed 26 stack frames]]>
    </failure>
  </testcase> <!-- Demo -->
  <testcase classname="testing.org.Day2" name="ploan" time="0.003"/>
  <testcase classname="testing.org.Day4" name="loginApiHomeLoan" time="0.002"/>
  <testcase classname="testing.org.Day4" name="mobileloginHomeLoan" time="0.001"/>
  <testcase classname="testing.org.Day4" name="webloginHomeLoan" time="0.005"/>
  <testcase classname="testing.org.Day1" name="SecondTest" time="0.0">
    <ignored/>
  </testcase> <!-- SecondTest -->
</testsuite> <!-- personal loan -->
