<?xml version="1.0" encoding="UTF-8"?>
<!-- Generated by org.testng.reporters.JUnitXMLReporter -->
<testsuite ignored="1" hostname="Sanchitas-Air.home" failures="0" tests="13" name="test" time="0.168" errors="0" timestamp="2021-11-05T22:13:53 EDT">
  <testcase classname="testing.org.Day1" name="Demo" time="0.029"/>
  <testcase classname="testing.org.Day1" name="SecondTest" time="0.001"/>
  <testcase classname="testing.org.Day2" name="ploan" time="0.001"/>
  <testcase classname="testing.org.Day3" name="ApiCarLoan" time="0.003"/>
  <testcase classname="testing.org.Day3" name="mobileloginPinCarLoan" time="0.005"/>
  <testcase classname="testing.org.Day3" name="mobileloginSignoutLoan" time="0.0"/>
  <testcase classname="testing.org.Day3" name="obilelogin" time="0.004"/>
  <testcase classname="testing.org.Day3" name="obilelogin" time="0.002"/>
  <testcase classname="testing.org.Day3" name="obilelogin" time="0.002"/>
  <testcase classname="testing.org.Day3" name="webloginCarLoan" time="0.003"/>
  <testcase classname="testing.org.Day4" name="loginApiHomeLoan" time="0.001"/>
  <testcase classname="testing.org.Day4" name="mobileloginHomeLoan" time="0.004"/>
  <testcase classname="testing.org.Day4" name="webloginHomeLoan" time="0.005"/>
  <testcase classname="testing.org.Day3" name="mobileloginsignLoan" time="0.0">
    <ignored/>
  </testcase> <!-- mobileloginsignLoan -->
</testsuite> <!-- test -->
